<?xml version="1.0" encoding="UTF-8"?>
<<<<<<<< HEAD:docs/trim05/01_Pruebas_Software/Automatización_Pruebas/TaskMaster_Pro/build/test-results/test/TEST-Creacion#20de#20proyecto#20en#20la#20pagina#20de#20TaskMaster#20Pro.xml
<testsuite name="Creacion de proyecto en la pagina de TaskMaster Pro" tests="1" skipped="0" failures="0" errors="0" timestamp="2025-05-31T01:32:57" hostname="ANDRESGARZON" time="12.757">
  <properties/>
  <testcase name="Crear Proyecto Exitosamente" classname="Creacion de proyecto en la pagina de TaskMaster Pro" time="12.757"/>
========
<testsuite name="Recuperación de contraseña en la pagina de TaskMaster Pro" tests="1" skipped="0" failures="0" errors="0" timestamp="2025-06-03T21:28:09" hostname="DESKTOP-9S50AII" time="10.047">
  <properties/>
  <testcase name="Recuperar Contraseña Exitosamente" classname="Recuperación de contraseña en la pagina de TaskMaster Pro" time="10.047"/>
>>>>>>>> main:docs/trim05/01_Pruebas_Software/Automatización_Pruebas/TaskMaster_Pro/build/test-results/test/TEST-Recuperaci#f3n#20de#20contrase#f1a#20en#20la#20pagina#20de#20TaskMaster#20Pro.xml
  <system-out><![CDATA[Alerta aceptada correctamente.
Alerta aceptada correctamente.
]]></system-out>
<<<<<<<< HEAD:docs/trim05/01_Pruebas_Software/Automatización_Pruebas/TaskMaster_Pro/build/test-results/test/TEST-Creacion#20de#20proyecto#20en#20la#20pagina#20de#20TaskMaster#20Pro.xml
  <system-err><![CDATA[may. 30, 2025 8:32:58 P. M. org.openqa.selenium.remote.DesiredCapabilities chrome
INFO: Using `new ChromeOptions()` is preferred to `DesiredCapabilities.chrome()`
[Test worker] INFO net.serenitybdd.core.webdriver.driverproviders.ProvideNewDriver - Instantiating driver
[Test worker] INFO net.serenitybdd.core.webdriver.driverproviders.ProvideNewDriver - Driver capabilities: Capabilities {acceptInsecureCerts: false, browserName: chrome, goog:chromeOptions: {args: [], extensions: [], prefs: {behavior: allow}}, loggingPrefs: org.openqa.selenium.logging..., name: proyecto, platform: ANY, unhandledPromptBehavior: ignore, version: }
Starting ChromeDriver 136.0.7103.94 (fa0be0b33debeb378a8e6ad9c599be34e2dc3b37-refs/branch-heads/7103@{#1842}) on port 30037
Only local connections are allowed.
Please see https://chromedriver.chromium.org/security-considerations for suggestions on keeping ChromeDriver safe.
ChromeDriver was started successfully on port 30037.
may. 30, 2025 8:33:01 P. M. org.openqa.selenium.remote.ProtocolHandshake createSession
========
  <system-err><![CDATA[jun. 03, 2025 4:28:10 P. M. org.openqa.selenium.remote.DesiredCapabilities chrome
INFO: Using `new ChromeOptions()` is preferred to `DesiredCapabilities.chrome()`
[Test worker] INFO net.serenitybdd.core.webdriver.driverproviders.ProvideNewDriver - Instantiating driver
[Test worker] INFO net.serenitybdd.core.webdriver.driverproviders.ProvideNewDriver - Driver capabilities: Capabilities {acceptInsecureCerts: false, browserName: chrome, goog:chromeOptions: {args: [], extensions: [], prefs: {behavior: allow}}, loggingPrefs: org.openqa.selenium.logging..., name: proyecto, platform: ANY, unhandledPromptBehavior: ignore, version: }
Starting ChromeDriver 136.0.7103.94 (fa0be0b33debeb378a8e6ad9c599be34e2dc3b37-refs/branch-heads/7103@{#1842}) on port 17759
Only local connections are allowed.
Please see https://chromedriver.chromium.org/security-considerations for suggestions on keeping ChromeDriver safe.
ChromeDriver was started successfully on port 17759.
[1748986092.561][WARNING]: This version of ChromeDriver has not been tested with Chrome version 137.
jun. 03, 2025 4:28:12 P. M. org.openqa.selenium.remote.ProtocolHandshake createSession
>>>>>>>> main:docs/trim05/01_Pruebas_Software/Automatización_Pruebas/TaskMaster_Pro/build/test-results/test/TEST-Recuperaci#f3n#20de#20contrase#f1a#20en#20la#20pagina#20de#20TaskMaster#20Pro.xml
INFO: Detected dialect: W3C
[Test worker] INFO net.thucydides.core.steps.ConsoleLoggingListener - 
        __    _____ _____ ____ _____   ____   _    ____  ____  _____ ____  
  _     \ \  |_   _| ____/ ___|_   _| |  _ \ / \  / ___|/ ___|| ____|  _ \ 
 (_)_____| |   | | |  _| \___ \ | |   | |_) / _ \ \___ \\___ \|  _| | | | |
  _|_____| |   | | | |___ ___) || |   |  __/ ___ \ ___) |___) | |___| |_| |
 (_)     | |   |_| |_____|____/ |_|   |_| /_/   \_\____/|____/|_____|____/ 
        /_/                                                                

<<<<<<<< HEAD:docs/trim05/01_Pruebas_Software/Automatización_Pruebas/TaskMaster_Pro/build/test-results/test/TEST-Creacion#20de#20proyecto#20en#20la#20pagina#20de#20TaskMaster#20Pro.xml
TEST PASSED: Crear Proyecto Exitosamente
========
TEST PASSED: Recuperar Contraseña Exitosamente
>>>>>>>> main:docs/trim05/01_Pruebas_Software/Automatización_Pruebas/TaskMaster_Pro/build/test-results/test/TEST-Recuperaci#f3n#20de#20contrase#f1a#20en#20la#20pagina#20de#20TaskMaster#20Pro.xml
----------------------------------------------------------------------------
]]></system-err>
</testsuite>
