<?xml version="1.0" encoding="UTF-8"?>
<testsuite name="Recuperación de contraseña en la pagina de TaskMaster Pro" tests="1" skipped="1" failures="0" errors="0" timestamp="2025-05-30T06:00:29" hostname="DESKTOP-9S50AII" time="0.186">
  <properties/>
  <testcase name="Recuperar Contraseña Exitosamente" classname="Recuperación de contraseña en la pagina de TaskMaster Pro" time="0.186">
    <skipped/>
  </testcase>
  <system-out><![CDATA[]]></system-out>
  <system-err><![CDATA[[Test worker] INFO net.thucydides.core.steps.ConsoleLoggingListener - TEST PENDING
[Test worker] INFO net.thucydides.core.steps.ConsoleLoggingListener - 
          __  _____ _____ ____ _____   ____  _____ _   _ ____ ___ _   _  ____ 
 _       / / |_   _| ____/ ___|_   _| |  _ \| ____| \ | |  _ \_ _| \ | |/ ___|
(_)____ / /    | | |  _| \___ \ | |   | |_) |  _| |  \| | | | | ||  \| | |  _ 
 |_____/ /     | | | |___ ___) || |   |  __/| |___| |\  | |_| | || |\  | |_| |
(_)   /_/      |_| |_____|____/ |_|   |_|   |_____|_| \_|____/___|_| \_|\____|
                                                                                

TEST PENDING: Recuperar Contraseña Exitosamente
---------------------------------------------------------------------------------
]]></system-err>
</testsuite>
