<?xml version="1.0" encoding="UTF-8"?>
<testsuite name="co.com.AutomatizacionTaskMasterPro.runners.RecuperarContraseñaTaskMasterRunner" tests="0" skipped="0" failures="0" errors="0" timestamp="1970-01-01T00:00:00" hostname="DESKTOP-9S50AII" time="0.0">
  <properties/>
  <system-out><![CDATA[
1 Scenarios (?[33m1 undefined?[0m)
3 Steps (?[33m3 undefined?[0m)
0m0,766s


You can implement missing steps with the snippets below:


@Dado("^que el usuario se encuentra en la pagina de inicio de sesion$")
public void queElUsuarioSeEncuentraEnLaPaginaDeInicioDeSesion() {
    // Write code here that turns the phrase above into concrete actions
    throw new PendingException();
}

@Cuando("^seleccione la opcion de recuperar contraseña y ingrese su correo electronico y de click en el boton de recuperar contraseña$")
public void seleccioneLaOpcionDeRecuperarContraseñaYIngreseSuCorreoElectronicoYDeClickEnElBotonDeRecuperarContraseña(DataTable arg1) {
    // Write code here that turns the phrase above into concrete actions
    // For automatic transformation, change DataTable to one of
    // List<YourType>, List<List<E>>, List<Map<K,V>> or Map<K,V>.
    // E,K,V must be a scalar (String, Integer, Date, enum etc).
    // Field names for YourType must match the column names in 
    // your feature file (except for spaces and capitalization).
    throw new PendingException();
}

@Entonces("^el sistema debe mostrar un mensaje de confirmacion y debe llegar un email de recuperación al correo ingresado$")
public void elSistemaDebeMostrarUnMensajeDeConfirmacionYDebeLlegarUnEmailDeRecuperaciónAlCorreoIngresado() {
    // Write code here that turns the phrase above into concrete actions
    throw new PendingException();
}

]]></system-out>
  <system-err><![CDATA[[Test worker] INFO net.thucydides.core.steps.ConsoleLoggingListener - 

-------------------------------------------------------------------------------------
     _______. _______ .______       _______ .__   __.  __  .___________.____    ____ 
    /       ||   ____||   _  \     |   ____||  \ |  | |  | |           |\   \  /   / 
   |   (----`|  |__   |  |_)  |    |  |__   |   \|  | |  | `---|  |----` \   \/   /  
    \   \    |   __|  |      /     |   __|  |  . `  | |  |     |  |       \_    _/   
.----)   |   |  |____ |  |\  \----.|  |____ |  |\   | |  |     |  |         |  |     
|_______/    |_______|| _| `._____||_______||__| \__| |__|     |__|         |__|    
                                                                                     
 News and tutorials at http://www.serenity-bdd.info                                  
 Documentation at https://wakaleo.gitbooks.io/the-serenity-book/content/             
 Join the Serenity Community on Rocket Chat at https://serenity-bdd.rocket.chat      
 Serenity BDD Support and Training at http://serenity-bdd.info/#/trainingandsupport  
 Learn Serenity BDD online at http://serenity-dojo.com                               
-------------------------------------------------------------------------------------

[Test worker] INFO net.thucydides.core.steps.ConsoleLoggingListener - Test Suite Started: Recuperación de contraseña en la pagina de TaskMaster Pro
[Test worker] INFO net.thucydides.core.steps.ConsoleLoggingListener - 
 _____ _____ ____ _____   ____ _____  _    ____ _____ _____ ____  
|_   _| ____/ ___|_   _| / ___|_   _|/ \  |  _ \_   _| ____|  _ \ 
  | | |  _| \___ \ | |   \___ \ | | / _ \ | |_) || | |  _| | | | |
  | | | |___ ___) || |    ___) || |/ ___ \|  _ < | | | |___| |_| |
  |_| |_____|____/ |_|   |____/ |_/_/   \_\_| \_\|_| |_____|____/ 
                                                                  

TEST STARTED: Recuperar Contraseña Exitosamente
-------------------------------------------------------------------(recuperación-de-contraseña-en-la-pagina-de-taskmaster-pro;recuperar-contraseña-exitosamente)
[pool-2-thread-1] INFO net.thucydides.core.requirements.PackageRequirementsTagProvider - Loading requirements from package requirements at: net.thucydides.showcase.cucumber.junit
log4j:WARN No appenders could be found for logger (freemarker.cache).
log4j:WARN Please initialize the log4j system properly.
log4j:WARN See http://logging.apache.org/log4j/1.2/faq.html#noconfig for more info.
]]></system-err>
</testsuite>
