<?xml version="1.0" encoding="UTF-8"?>
<testsuite name="Eliminación de proyecto en la pagina de TaskMaster Pro" tests="1" skipped="0" failures="0" errors="0" timestamp="2025-05-20T19:34:49" hostname="DESKTOP-9S50AII" time="0.253">
  <properties/>
  <testcase name="Eliminar un Proyecto Exitosamente" classname="Eliminación de proyecto en la pagina de TaskMaster Pro" time="0.253"/>
  <system-out><![CDATA[]]></system-out>
  <system-err><![CDATA[[Test worker] INFO net.thucydides.core.steps.ConsoleLoggingListener - 
        __    _____ _____ ____ _____   ____   _    ____  ____  _____ ____  
  _     \ \  |_   _| ____/ ___|_   _| |  _ \ / \  / ___|/ ___|| ____|  _ \ 
 (_)_____| |   | | |  _| \___ \ | |   | |_) / _ \ \___ \\___ \|  _| | | | |
  _|_____| |   | | | |___ ___) || |   |  __/ ___ \ ___) |___) | |___| |_| |
 (_)     | |   |_| |_____|____/ |_|   |_| /_/   \_\____/|____/|_____|____/ 
        /_/                                                                

TEST PASSED: Eliminar un Proyecto Exitosamente
----------------------------------------------------------------------------
]]></system-err>
</testsuite>
