<?xml version="1.0" encoding="UTF-8"?>
<testsuite name="Creacion de proyecto en la pagina de TaskMaster Pro" tests="1" skipped="0" failures="0" errors="0" timestamp="2025-07-09T18:47:15" hostname="DESKTOP-9S50AII" time="14.577">
  <properties/>
  <testcase name="Crear Proyecto Exitosamente" classname="Creacion de proyecto en la pagina de TaskMaster Pro" time="14.577"/>
  <system-out><![CDATA[    ?[32mDado ?[0m?[32mque el usuario se encuentra en la pagina de inicio de sesion de TaskMaster Pro?[0m ?[90m# AutenticacionTaskMasterStepsDefinitions.queElUsuarioSeEncuentraEnLaPaginaDeInicioDeSesionDeTaskMasterPro()?[0m
Alerta aceptada correctamente.
    ?[32mCuando ?[0m?[32mingrese las credenciales correctas (usuario y contraseña)?[0m                    ?[90m# AutenticacionTaskMasterStepsDefinitions.ingreseLasCredencialesCorrectasUsuarioYContraseña(CredencialesInicioSesion>)?[0m

  @CrearProyecto
  Esquema del escenario: Crear Proyecto Exitosamente                   ?[90m# src/test/resources/features/crearProyecto_taskmasterPro.feature:25?[0m
Alerta aceptada correctamente.
    ?[32mCuando ?[0m?[32mselecciona la opción de crear un nuevo proyecto?[0m             ?[90m# CrearProyectoTaskMasterStepsDefinitions.seleccionaLaOpciónDeCrearUnNuevoProyecto(InformacionProyecto>)?[0m
Nombre Sesion Variable: 'ProyectoyLkKh'
Descripcion Sesion Variable: 'Este es un proyecto de RanSOiYoJoqfxwrYtxnY'
Estado Sesion Variable: 'En Progreso'
Prioridad Sesion Variable: 'Media'
Nombre capturado: 'ProyectoyLkKh'
Descripcion capturada: 'Este es un proyecto de RanSOiYoJoqfxwrYtxnY'
Estado capturado: 'En Progreso'
Prioridad capturada: 'Media'
    ?[32mEntonces ?[0m?[32mel sistema debe registrar correctamente el nuevo proyecto?[0m ?[90m# CrearProyectoTaskMasterStepsDefinitions.elSistemaDebeRegistrarCorrectamenteElNuevoProyecto()?[0m
]]></system-out>
  <system-err><![CDATA[jul. 09, 2025 1:47:15 P. M. org.openqa.selenium.remote.DesiredCapabilities chrome
INFO: Using `new ChromeOptions()` is preferred to `DesiredCapabilities.chrome()`
[Test worker] INFO net.serenitybdd.core.webdriver.driverproviders.ProvideNewDriver - Instantiating driver
[Test worker] INFO net.serenitybdd.core.webdriver.driverproviders.ProvideNewDriver - Driver capabilities: Capabilities {acceptInsecureCerts: false, browserName: chrome, goog:chromeOptions: {args: [], extensions: [], prefs: {behavior: allow}}, loggingPrefs: org.openqa.selenium.logging..., name: proyecto, platform: ANY, unhandledPromptBehavior: ignore, version: }
Starting ChromeDriver 138.0.7204.92 (f079b9bc781e3c2adb1496ea1d72812deb0ddb3d-refs/branch-heads/7204_50@{#8}) on port 4508
Only local connections are allowed.
Please see https://chromedriver.chromium.org/security-considerations for suggestions on keeping ChromeDriver safe.
ChromeDriver was started successfully on port 4508.
jul. 09, 2025 1:47:16 P. M. org.openqa.selenium.remote.ProtocolHandshake createSession
INFO: Detected dialect: W3C
[1752086841.252][WARNING]: unexpected alert open: {Alert text : Inicio de sesiÃ³n exitoso}, cancelling screenshot
[Test worker] WARN net.thucydides.core.webdriver.WebDriverFacade - Failed to take screenshot (unexpected alert open: <unknown>
  (Session info: chrome=138.0.7204.97): 
Build info: version: '3.141.59', revision: 'e82be7d358', time: '2018-11-14T08:17:03'
System info: host: 'DESKTOP-9S50AII', ip: '192.168.80.16', os.name: 'Windows 10', os.arch: 'amd64', os.version: '10.0', java.version: '15.0.1'
Driver info: org.openqa.selenium.chrome.ChromeDriver
Capabilities {acceptInsecureCerts: false, browserName: chrome, browserVersion: 138.0.7204.97, chrome: {chromedriverVersion: 138.0.7204.92 (f079b9bc781e..., userDataDir: C:\Users\LENOVO\AppData\Loc...}, fedcm:accounts: true, goog:chromeOptions: {debuggerAddress: localhost:56282}, javascriptEnabled: true, networkConnectionEnabled: false, pageLoadStrategy: normal, platform: WINDOWS, platformName: WINDOWS, proxy: Proxy(), setWindowRect: true, strictFileInteractability: false, timeouts: {implicit: 0, pageLoad: 300000, script: 30000}, unhandledPromptBehavior: ignore, webauthn:extension:credBlob: true, webauthn:extension:largeBlob: true, webauthn:extension:minPinLength: true, webauthn:extension:prf: true, webauthn:virtualAuthenticators: true}
Session ID: 4a15fd64827a1bee140ba574f2b9f98c)
[Test worker] INFO net.thucydides.core.steps.ConsoleLoggingListener - 
        __    _____ _____ ____ _____   ____   _    ____  ____  _____ ____  
  _     \ \  |_   _| ____/ ___|_   _| |  _ \ / \  / ___|/ ___|| ____|  _ \ 
 (_)_____| |   | | |  _| \___ \ | |   | |_) / _ \ \___ \\___ \|  _| | | | |
  _|_____| |   | | | |___ ___) || |   |  __/ ___ \ ___) |___) | |___| |_| |
 (_)     | |   |_| |_____|____/ |_|   |_| /_/   \_\____/|____/|_____|____/ 
        /_/                                                                

TEST PASSED: Crear Proyecto Exitosamente
----------------------------------------------------------------------------
]]></system-err>
</testsuite>
