<?xml version="1.0" encoding="UTF-8"?>
<testsuite name="co.com.AutomatizacionTaskMasterPro.runners.CrearTareaTaskMasterRunner" tests="0" skipped="0" failures="0" errors="0" timestamp="1970-01-01T00:00:00" hostname="DESKTOP-9S50AII" time="0.0">
  <properties/>
  <system-out><![CDATA[Característica: Creacion de tarea en la pagina de TaskMaster Pro
  Como usuario de TaskMaster Pro
  Quiero poder crear una nueva tarea
  Para desglosar el trabajo en partes manejables y asignarlas a los miembros del equipo.

  @CrearTarea
  Esquema del escenario: Crear Tarea Exitosamente ?[90m# src/test/resources/features/crearTarea_taskmasterPro.feature:17?[0m
    ?[36mCuando selecciona la opción de crear una nueva tarea?[0m
    ?[36mEntonces el sistema debe mostrar un mensaje de confirmacion registrar correctamente la nueva tarea?[0m

    Ejemplos: 

  Antecedentes:                                                                         ?[90m# src/test/resources/features/crearTarea_taskmasterPro.feature:9?[0m

1 Scenarios (?[32m1 passed?[0m)
4 Steps (?[32m4 passed?[0m)
0m20,526s

]]></system-out>
  <system-err><![CDATA[[Test worker] INFO net.thucydides.core.steps.ConsoleLoggingListener - 

-------------------------------------------------------------------------------------
     _______. _______ .______       _______ .__   __.  __  .___________.____    ____ 
    /       ||   ____||   _  \     |   ____||  \ |  | |  | |           |\   \  /   / 
   |   (----`|  |__   |  |_)  |    |  |__   |   \|  | |  | `---|  |----` \   \/   /  
    \   \    |   __|  |      /     |   __|  |  . `  | |  |     |  |       \_    _/   
.----)   |   |  |____ |  |\  \----.|  |____ |  |\   | |  |     |  |         |  |     
|_______/    |_______|| _| `._____||_______||__| \__| |__|     |__|         |__|    
                                                                                     
 News and tutorials at http://www.serenity-bdd.info                                  
 Documentation at https://wakaleo.gitbooks.io/the-serenity-book/content/             
 Join the Serenity Community on Rocket Chat at https://serenity-bdd.rocket.chat      
 Serenity BDD Support and Training at http://serenity-bdd.info/#/trainingandsupport  
 Learn Serenity BDD online at http://serenity-dojo.com                               
-------------------------------------------------------------------------------------

[Test worker] INFO net.thucydides.core.steps.ConsoleLoggingListener - Test Suite Started: Creacion de tarea en la pagina de TaskMaster Pro
[Test worker] INFO net.thucydides.core.steps.ConsoleLoggingListener - 
 _____ _____ ____ _____   ____ _____  _    ____ _____ _____ ____  
|_   _| ____/ ___|_   _| / ___|_   _|/ \  |  _ \_   _| ____|  _ \ 
  | | |  _| \___ \ | |   \___ \ | | / _ \ | |_) || | |  _| | | | |
  | | | |___ ___) || |    ___) || |/ ___ \|  _ < | | | |___| |_| |
  |_| |_____|____/ |_|   |____/ |_/_/   \_\_| \_\|_| |_____|____/ 
                                                                  

TEST STARTED: Crear Tarea Exitosamente
-------------------------------------------------------------------(creacion-de-tarea-en-la-pagina-de-taskmaster-pro;crear-tarea-exitosamente)
[pool-2-thread-1] INFO net.thucydides.core.requirements.PackageRequirementsTagProvider - Loading requirements from package requirements at: net.thucydides.showcase.cucumber.junit
log4j:WARN No appenders could be found for logger (freemarker.cache).
log4j:WARN Please initialize the log4j system properly.
log4j:WARN See http://logging.apache.org/log4j/1.2/faq.html#noconfig for more info.
]]></system-err>
</testsuite>
