<?xml version="1.0" encoding="UTF-8"?>
<testsuite name="Recuperación de contraseña en la pagina de TaskMaster Pro" tests="1" skipped="0" failures="0" errors="0" timestamp="2025-06-10T06:37:42" hostname="DESKTOP-9S50AII" time="10.962">
  <properties/>
  <testcase name="Recuperar Contraseña Exitosamente" classname="Recuperación de contraseña en la pagina de TaskMaster Pro" time="10.962"/>
  <system-out><![CDATA[    ?[32mDado ?[0m?[32mque el usuario se encuentra en la pagina de inicio de sesion?[0m                                                      ?[90m# RecuperarContraseñaTaskMasterStepsDefinitions.queElUsuarioSeEncuentraEnLaPaginaDeInicioDeSesion()?[0m
Alerta aceptada correctamente.
    ?[32mCuando ?[0m?[32mselecciona la opcion de recuperar contraseña?[0m                                                                    ?[90m# RecuperarContraseñaTaskMasterStepsDefinitions.seleccionaLaOpcionDeRecuperarContraseña(DatosRecuperarContraseña>)?[0m
    ?[32mEntonces ?[0m?[32mel sistema debe mostrar un mensaje de confirmacion y debe llegar un email de recuperación al correo ingresado?[0m ?[90m# RecuperarContraseñaTaskMasterStepsDefinitions.elSistemaDebeMostrarUnMensajeDeConfirmacionYDebeLlegarUnEmailDeRecuperaciónAlCorreoIngresado()?[0m
]]></system-out>
  <system-err><![CDATA[jun. 10, 2025 1:37:43 A. M. org.openqa.selenium.remote.DesiredCapabilities chrome
INFO: Using `new ChromeOptions()` is preferred to `DesiredCapabilities.chrome()`
[Test worker] INFO net.serenitybdd.core.webdriver.driverproviders.ProvideNewDriver - Instantiating driver
[Test worker] INFO net.serenitybdd.core.webdriver.driverproviders.ProvideNewDriver - Driver capabilities: Capabilities {acceptInsecureCerts: false, browserName: chrome, goog:chromeOptions: {args: [], extensions: [], prefs: {behavior: allow}}, loggingPrefs: org.openqa.selenium.logging..., name: proyecto, platform: ANY, unhandledPromptBehavior: ignore, version: }
Starting ChromeDriver 136.0.7103.94 (fa0be0b33debeb378a8e6ad9c599be34e2dc3b37-refs/branch-heads/7103@{#1842}) on port 37500
Only local connections are allowed.
Please see https://chromedriver.chromium.org/security-considerations for suggestions on keeping ChromeDriver safe.
ChromeDriver was started successfully on port 37500.
[1749537465.700][WARNING]: This version of ChromeDriver has not been tested with Chrome version 137.
jun. 10, 2025 1:37:45 A. M. org.openqa.selenium.remote.ProtocolHandshake createSession
INFO: Detected dialect: W3C
[Test worker] INFO net.thucydides.core.steps.ConsoleLoggingListener - 
        __    _____ _____ ____ _____   ____   _    ____  ____  _____ ____  
  _     \ \  |_   _| ____/ ___|_   _| |  _ \ / \  / ___|/ ___|| ____|  _ \ 
 (_)_____| |   | | |  _| \___ \ | |   | |_) / _ \ \___ \\___ \|  _| | | | |
  _|_____| |   | | | |___ ___) || |   |  __/ ___ \ ___) |___) | |___| |_| |
 (_)     | |   |_| |_____|____/ |_|   |_| /_/   \_\____/|____/|_____|____/ 
        /_/                                                                

TEST PASSED: Recuperar Contraseña Exitosamente
----------------------------------------------------------------------------
]]></system-err>
</testsuite>
