<?xml version="1.0" encoding="UTF-8"?>
<testsuite name="Autenticacion en la pagina de TaskMaster Pro" tests="1" skipped="0" failures="0" errors="0" timestamp="2025-07-04T20:57:18" hostname="DESKTOP-9S50AII" time="10.525">
  <properties/>
  <testcase name="Inicio de Sesion Valido" classname="Autenticacion en la pagina de TaskMaster Pro" time="10.525"/>
  <system-out><![CDATA[    ?[32mDado ?[0m?[32mque el usuario se encuentra en la pagina de inicio de sesion de TaskMaster Pro?[0m                                            ?[90m# AutenticacionTaskMasterStepsDefinitions.queElUsuarioSeEncuentraEnLaPaginaDeInicioDeSesionDeTaskMasterPro()?[0m
Alerta aceptada correctamente.
    ?[32mCuando ?[0m?[32mingrese las credenciales correctas (usuario y contraseña)?[0m                                                               ?[90m# AutenticacionTaskMasterStepsDefinitions.ingreseLasCredencialesCorrectasUsuarioYContraseña(CredencialesInicioSesion>)?[0m
Correo Sesion Variable: 'fgfernan2508@gmail.com'
Correo capturado: 'fgfernan2508@gmail.com'
    ?[32mEntonces ?[0m?[32mse debe verificar que el usuario haya sido autenticado correctamente y redirigido a la interfaz principal del sistema?[0m ?[90m# AutenticacionTaskMasterStepsDefinitions.seDebeVerificarQueElUsuarioHayaSidoAutenticadoCorrectamenteYRedirigidoALaInterfazPrincipalDelSistema()?[0m
]]></system-out>
  <system-err><![CDATA[jul. 04, 2025 3:57:19 P. M. org.openqa.selenium.remote.DesiredCapabilities chrome
INFO: Using `new ChromeOptions()` is preferred to `DesiredCapabilities.chrome()`
[Test worker] INFO net.serenitybdd.core.webdriver.driverproviders.ProvideNewDriver - Instantiating driver
[Test worker] INFO net.serenitybdd.core.webdriver.driverproviders.ProvideNewDriver - Driver capabilities: Capabilities {acceptInsecureCerts: false, browserName: chrome, goog:chromeOptions: {args: [], extensions: [], prefs: {behavior: allow}}, loggingPrefs: org.openqa.selenium.logging..., name: proyecto, platform: ANY, unhandledPromptBehavior: ignore, version: }
Starting ChromeDriver 138.0.7204.92 (f079b9bc781e3c2adb1496ea1d72812deb0ddb3d-refs/branch-heads/7204_50@{#8}) on port 4159
Only local connections are allowed.
Please see https://chromedriver.chromium.org/security-considerations for suggestions on keeping ChromeDriver safe.
ChromeDriver was started successfully on port 4159.
jul. 04, 2025 3:57:22 P. M. org.openqa.selenium.remote.ProtocolHandshake createSession
INFO: Detected dialect: W3C
[1751662647.344][WARNING]: unexpected alert open: {Alert text : Inicio de sesiÃ³n exitoso}, cancelling screenshot
[Test worker] WARN net.thucydides.core.webdriver.WebDriverFacade - Failed to take screenshot (unexpected alert open: <unknown>
  (Session info: chrome=138.0.7204.97): 
Build info: version: '3.141.59', revision: 'e82be7d358', time: '2018-11-14T08:17:03'
System info: host: 'DESKTOP-9S50AII', ip: '192.168.80.16', os.name: 'Windows 10', os.arch: 'amd64', os.version: '10.0', java.version: '15.0.1'
Driver info: org.openqa.selenium.chrome.ChromeDriver
Capabilities {acceptInsecureCerts: false, browserName: chrome, browserVersion: 138.0.7204.97, chrome: {chromedriverVersion: 138.0.7204.92 (f079b9bc781e..., userDataDir: C:\Users\LENOVO\AppData\Loc...}, fedcm:accounts: true, goog:chromeOptions: {debuggerAddress: localhost:52105}, javascriptEnabled: true, networkConnectionEnabled: false, pageLoadStrategy: normal, platform: WINDOWS, platformName: WINDOWS, proxy: Proxy(), setWindowRect: true, strictFileInteractability: false, timeouts: {implicit: 0, pageLoad: 300000, script: 30000}, unhandledPromptBehavior: ignore, webauthn:extension:credBlob: true, webauthn:extension:largeBlob: true, webauthn:extension:minPinLength: true, webauthn:extension:prf: true, webauthn:virtualAuthenticators: true}
Session ID: 20a188742c0efba85faae81d67558c4a)
[Test worker] INFO net.thucydides.core.steps.ConsoleLoggingListener - 
        __    _____ _____ ____ _____   ____   _    ____  ____  _____ ____  
  _     \ \  |_   _| ____/ ___|_   _| |  _ \ / \  / ___|/ ___|| ____|  _ \ 
 (_)_____| |   | | |  _| \___ \ | |   | |_) / _ \ \___ \\___ \|  _| | | | |
  _|_____| |   | | | |___ ___) || |   |  __/ ___ \ ___) |___) | |___| |_| |
 (_)     | |   |_| |_____|____/ |_|   |_| /_/   \_\____/|____/|_____|____/ 
        /_/                                                                

TEST PASSED: Inicio de Sesion Valido
----------------------------------------------------------------------------
]]></system-err>
</testsuite>
