<?xml version="1.0" encoding="UTF-8"?>
<testsuite name="Eliminación de miembro de un proyecto en la pagina de TaskMaster Pro" tests="1" skipped="0" failures="0" errors="0" timestamp="2025-07-09T20:20:40" hostname="DESKTOP-9S50AII" time="30.407">
  <properties/>
  <testcase name="Eliminar un Miembro Exitosamente" classname="Eliminación de miembro de un proyecto en la pagina de TaskMaster Pro" time="30.407"/>
  <system-out><![CDATA[    ?[32mDado ?[0m?[32mque el usuario se encuentra en la pagina de inicio de sesion de TaskMaster Pro?[0m ?[90m# AutenticacionTaskMasterStepsDefinitions.queElUsuarioSeEncuentraEnLaPaginaDeInicioDeSesionDeTaskMasterPro()?[0m
Alerta aceptada correctamente.
    ?[32mCuando ?[0m?[32mingrese las credenciales correctas (usuario y contraseña)?[0m                    ?[90m# AutenticacionTaskMasterStepsDefinitions.ingreseLasCredencialesCorrectasUsuarioYContraseña(CredencialesInicioSesion>)?[0m

  @EliminarMiembro
  Escenario: Eliminar un Miembro Exitosamente                                                                                          ?[90m# src/test/resources/features/eliminarMiembro_taskmasterPro.feature:17?[0m
Alerta aceptada correctamente.
Alerta aceptada correctamente.
    ?[32mCuando ?[0m?[32mseleccione un usuario asignado a un proyecto y hace click en el boton de eliminar usuario?[0m                                   ?[90m# EliminarMiembroTaskMasterStepsDefinitions.seleccioneUnUsuarioAsignadoAUnProyectoYHaceClickEnElBotonDeEliminarUsuario()?[0m
Validación exitosa: El miembro Nikole   Bernal  fue eliminado y ya no aparece en la lista.
    ?[32mEntonces ?[0m?[32mel sistema muestra un mensaje de miembro eliminado exitosamente y actualiza la lista de usuarios asignados a ese proyecto?[0m ?[90m# EliminarMiembroTaskMasterStepsDefinitions.elSistemaMuestraUnMensajeDeMiembroEliminadoExitosamenteYActualizaLaListaDeUsuariosAsignadosAEseProyecto()?[0m
]]></system-out>
  <system-err><![CDATA[jul. 09, 2025 3:20:40 P. M. org.openqa.selenium.remote.DesiredCapabilities chrome
INFO: Using `new ChromeOptions()` is preferred to `DesiredCapabilities.chrome()`
[Test worker] INFO net.serenitybdd.core.webdriver.driverproviders.ProvideNewDriver - Instantiating driver
[Test worker] INFO net.serenitybdd.core.webdriver.driverproviders.ProvideNewDriver - Driver capabilities: Capabilities {acceptInsecureCerts: false, browserName: chrome, goog:chromeOptions: {args: [], extensions: [], prefs: {behavior: allow}}, loggingPrefs: org.openqa.selenium.logging..., name: proyecto, platform: ANY, unhandledPromptBehavior: ignore, version: }
Starting ChromeDriver 138.0.7204.92 (f079b9bc781e3c2adb1496ea1d72812deb0ddb3d-refs/branch-heads/7204_50@{#8}) on port 10733
Only local connections are allowed.
Please see https://chromedriver.chromium.org/security-considerations for suggestions on keeping ChromeDriver safe.
ChromeDriver was started successfully on port 10733.
jul. 09, 2025 3:20:41 P. M. org.openqa.selenium.remote.ProtocolHandshake createSession
INFO: Detected dialect: W3C
[1752092446.714][WARNING]: unexpected alert open: {Alert text : Inicio de sesiÃ³n exitoso}, cancelling screenshot
[Test worker] WARN net.thucydides.core.webdriver.WebDriverFacade - Failed to take screenshot (unexpected alert open: <unknown>
  (Session info: chrome=138.0.7204.97): 
Build info: version: '3.141.59', revision: 'e82be7d358', time: '2018-11-14T08:17:03'
System info: host: 'DESKTOP-9S50AII', ip: '192.168.80.16', os.name: 'Windows 10', os.arch: 'amd64', os.version: '10.0', java.version: '15.0.1'
Driver info: org.openqa.selenium.chrome.ChromeDriver
Capabilities {acceptInsecureCerts: false, browserName: chrome, browserVersion: 138.0.7204.97, chrome: {chromedriverVersion: 138.0.7204.92 (f079b9bc781e..., userDataDir: C:\Users\LENOVO\AppData\Loc...}, fedcm:accounts: true, goog:chromeOptions: {debuggerAddress: localhost:50919}, javascriptEnabled: true, networkConnectionEnabled: false, pageLoadStrategy: normal, platform: WINDOWS, platformName: WINDOWS, proxy: Proxy(), setWindowRect: true, strictFileInteractability: false, timeouts: {implicit: 0, pageLoad: 300000, script: 30000}, unhandledPromptBehavior: ignore, webauthn:extension:credBlob: true, webauthn:extension:largeBlob: true, webauthn:extension:minPinLength: true, webauthn:extension:prf: true, webauthn:virtualAuthenticators: true}
Session ID: c019f0e4920032738e8b967d3b901410)
[Test worker] INFO net.thucydides.core.steps.ConsoleLoggingListener - 
        __    _____ _____ ____ _____   ____   _    ____  ____  _____ ____  
  _     \ \  |_   _| ____/ ___|_   _| |  _ \ / \  / ___|/ ___|| ____|  _ \ 
 (_)_____| |   | | |  _| \___ \ | |   | |_) / _ \ \___ \\___ \|  _| | | | |
  _|_____| |   | | | |___ ___) || |   |  __/ ___ \ ___) |___) | |___| |_| |
 (_)     | |   |_| |_____|____/ |_|   |_| /_/   \_\____/|____/|_____|____/ 
        /_/                                                                

TEST PASSED: Eliminar un Miembro Exitosamente
----------------------------------------------------------------------------
]]></system-err>
</testsuite>
