<?xml version="1.0" encoding="UTF-8"?>
<testsuite name="Creacion de tarea en la pagina de TaskMaster Pro" tests="1" skipped="0" failures="0" errors="0" timestamp="2025-06-28T07:25:37" hostname="DESKTOP-9S50AII" time="20.03">
  <properties/>
  <testcase name="Crear Tarea Exitosamente" classname="Creacion de tarea en la pagina de TaskMaster Pro" time="20.03"/>
  <system-out><![CDATA[    ?[32mDado ?[0m?[32mque el usuario se encuentra en la pagina de inicio de sesion de TaskMaster Pro?[0m ?[90m# AutenticacionTaskMasterStepsDefinitions.queElUsuarioSeEncuentraEnLaPaginaDeInicioDeSesionDeTaskMasterPro()?[0m
Alerta aceptada correctamente.
    ?[32mCuando ?[0m?[32mingrese las credenciales correctas (usuario y contraseña)?[0m                    ?[90m# AutenticacionTaskMasterStepsDefinitions.ingreseLasCredencialesCorrectasUsuarioYContraseña(CredencialesInicioSesion>)?[0m

  @CrearTarea
  Esquema del escenario: Crear Tarea Exitosamente                                                      ?[90m# src/test/resources/features/crearTarea_taskmasterPro.feature:25?[0m
Alerta aceptada correctamente.
    ?[32mCuando ?[0m?[32mselecciona la opción de crear una nueva tarea?[0m                                               ?[90m# CrearTareaTaskMasterStepsDefinitions.seleccionaLaOpciónDeCrearUnaNuevaTarea(DatosCrearTarea>)?[0m
Nombre Sesion Variable: 'Tarea de PruebaZpDRA'
Descripcion Sesion Variable: 'Esta es una tarea de prueba UovEmOPSpiCKYPFJCENm'
Estado Sesion Variable: 'En Curso'
Prioridad Sesion Variable: 'Media'
Nombre capturado: 'Tarea de PruebaZpDRA'
Descripcion capturada: 'Esta es una tarea de prueba UovEmOPSpiCKYPFJCENm'
Estado capturado: 'En Curso'
Prioridad capturada: 'Media'
    ?[32mEntonces ?[0m?[32mel sistema debe mostrar un mensaje de confirmacion registrar correctamente la nueva tarea?[0m ?[90m# CrearTareaTaskMasterStepsDefinitions.elSistemaDebeMostrarUnMensajeDeConfirmacionRegistrarCorrectamenteLaNuevaTarea()?[0m
]]></system-out>
  <system-err><![CDATA[jun. 28, 2025 2:25:37 A. M. org.openqa.selenium.remote.DesiredCapabilities chrome
INFO: Using `new ChromeOptions()` is preferred to `DesiredCapabilities.chrome()`
[Test worker] INFO net.serenitybdd.core.webdriver.driverproviders.ProvideNewDriver - Instantiating driver
[Test worker] INFO net.serenitybdd.core.webdriver.driverproviders.ProvideNewDriver - Driver capabilities: Capabilities {acceptInsecureCerts: false, browserName: chrome, goog:chromeOptions: {args: [], extensions: [], prefs: {behavior: allow}}, loggingPrefs: org.openqa.selenium.logging..., name: proyecto, platform: ANY, unhandledPromptBehavior: ignore, version: }
Starting ChromeDriver 136.0.7103.94 (fa0be0b33debeb378a8e6ad9c599be34e2dc3b37-refs/branch-heads/7103@{#1842}) on port 6246
Only local connections are allowed.
Please see https://chromedriver.chromium.org/security-considerations for suggestions on keeping ChromeDriver safe.
ChromeDriver was started successfully on port 6246.
[1751095540.072][WARNING]: This version of ChromeDriver has not been tested with Chrome version 137.
jun. 28, 2025 2:25:40 A. M. org.openqa.selenium.remote.ProtocolHandshake createSession
INFO: Detected dialect: W3C
[1751095547.032][WARNING]: unexpected alert open: {Alert text : Inicio de sesiÃ³n exitoso}, cancelling screenshot
[Test worker] WARN net.thucydides.core.webdriver.WebDriverFacade - Failed to take screenshot (unexpected alert open: <unknown>
  (Session info: chrome=137.0.7151.120): 
Build info: version: '3.141.59', revision: 'e82be7d358', time: '2018-11-14T08:17:03'
System info: host: 'DESKTOP-9S50AII', ip: '192.168.80.15', os.name: 'Windows 10', os.arch: 'amd64', os.version: '10.0', java.version: '15.0.1'
Driver info: org.openqa.selenium.chrome.ChromeDriver
Capabilities {acceptInsecureCerts: false, browserName: chrome, browserVersion: 137.0.7151.120, chrome: {chromedriverVersion: 136.0.7103.94 (fa0be0b33deb..., userDataDir: C:\Users\LENOVO\AppData\Loc...}, fedcm:accounts: true, goog:chromeOptions: {debuggerAddress: localhost:60164}, javascriptEnabled: true, networkConnectionEnabled: false, pageLoadStrategy: normal, platform: WINDOWS, platformName: WINDOWS, proxy: Proxy(), setWindowRect: true, strictFileInteractability: false, timeouts: {implicit: 0, pageLoad: 300000, script: 30000}, unhandledPromptBehavior: ignore, webauthn:extension:credBlob: true, webauthn:extension:largeBlob: true, webauthn:extension:minPinLength: true, webauthn:extension:prf: true, webauthn:virtualAuthenticators: true}
Session ID: f734f43c0d26130180f5391603184159)
[Test worker] INFO net.thucydides.core.steps.ConsoleLoggingListener - 
        __    _____ _____ ____ _____   ____   _    ____  ____  _____ ____  
  _     \ \  |_   _| ____/ ___|_   _| |  _ \ / \  / ___|/ ___|| ____|  _ \ 
 (_)_____| |   | | |  _| \___ \ | |   | |_) / _ \ \___ \\___ \|  _| | | | |
  _|_____| |   | | | |___ ___) || |   |  __/ ___ \ ___) |___) | |___| |_| |
 (_)     | |   |_| |_____|____/ |_|   |_| /_/   \_\____/|____/|_____|____/ 
        /_/                                                                

TEST PASSED: Crear Tarea Exitosamente
----------------------------------------------------------------------------
]]></system-err>
</testsuite>
