<?xml version="1.0" encoding="UTF-8"?>
<<<<<<<< HEAD:docs/trim05/02_Pruebas_Software/Automatización_Pruebas/TaskMaster_Pro/build/test-results/test/TEST-co.com.AutomatizacionTaskMasterPro.runners.CrearUsuarioTaskMasterRunner.xml
<testsuite name="co.com.AutomatizacionTaskMasterPro.runners.CrearUsuarioTaskMasterRunner" tests="0" skipped="0" failures="0" errors="0" timestamp="1970-01-01T00:00:00" hostname="DESKTOP-K45VR1J" time="0.0">
========
<testsuite name="co.com.AutomatizacionTaskMasterPro.runners.AutenticacionTaskMasterRunner" tests="0" skipped="0" failures="0" errors="0" timestamp="1970-01-01T00:00:00" hostname="DESKTOP-9S50AII" time="0.0">
>>>>>>>> main:docs/trim05/02_Pruebas_Software/Automatización_Pruebas/TaskMaster_Pro/build/test-results/test/TEST-co.com.AutomatizacionTaskMasterPro.runners.AutenticacionTaskMasterRunner.xml
  <properties/>
  <system-out><![CDATA[Característica: Autenticacion en la pagina de TaskMaster Pro
  Como usuario de TaskMaster Pro
  Quiero iniciar sesion en el sistema
  Para poder acceder a todas las funcionalidades del sistema.

  @autenticacion
  Escenario: Inicio de Sesion Valido                                                                                               ?[90m# src/test/resources/features/autenticacionlogin_taskmasterPro.feature:11?[0m

1 Scenarios (?[32m1 passed?[0m)
<<<<<<<< HEAD:docs/trim05/02_Pruebas_Software/Automatización_Pruebas/TaskMaster_Pro/build/test-results/test/TEST-co.com.AutomatizacionTaskMasterPro.runners.CrearUsuarioTaskMasterRunner.xml
4 Steps (?[32m4 passed?[0m)
0m33,127s
========
3 Steps (?[32m3 passed?[0m)
0m10,990s
>>>>>>>> main:docs/trim05/02_Pruebas_Software/Automatización_Pruebas/TaskMaster_Pro/build/test-results/test/TEST-co.com.AutomatizacionTaskMasterPro.runners.AutenticacionTaskMasterRunner.xml

]]></system-out>
  <system-err><![CDATA[[Test worker] INFO net.thucydides.core.steps.ConsoleLoggingListener - 

-------------------------------------------------------------------------------------
     _______. _______ .______       _______ .__   __.  __  .___________.____    ____ 
    /       ||   ____||   _  \     |   ____||  \ |  | |  | |           |\   \  /   / 
   |   (----`|  |__   |  |_)  |    |  |__   |   \|  | |  | `---|  |----` \   \/   /  
    \   \    |   __|  |      /     |   __|  |  . `  | |  |     |  |       \_    _/   
.----)   |   |  |____ |  |\  \----.|  |____ |  |\   | |  |     |  |         |  |     
|_______/    |_______|| _| `._____||_______||__| \__| |__|     |__|         |__|    
                                                                                     
 News and tutorials at http://www.serenity-bdd.info                                  
 Documentation at https://wakaleo.gitbooks.io/the-serenity-book/content/             
 Join the Serenity Community on Rocket Chat at https://serenity-bdd.rocket.chat      
 Serenity BDD Support and Training at http://serenity-bdd.info/#/trainingandsupport  
 Learn Serenity BDD online at http://serenity-dojo.com                               
-------------------------------------------------------------------------------------

<<<<<<<< HEAD:docs/trim05/02_Pruebas_Software/Automatización_Pruebas/TaskMaster_Pro/build/test-results/test/TEST-co.com.AutomatizacionTaskMasterPro.runners.CrearUsuarioTaskMasterRunner.xml
[Test worker] INFO net.thucydides.core.steps.ConsoleLoggingListener - Test Suite Started: Creacion de usuario en la pagina de TaskMaster Pro
========
[Test worker] INFO net.thucydides.core.steps.ConsoleLoggingListener - Test Suite Started: Autenticacion en la pagina de TaskMaster Pro
>>>>>>>> main:docs/trim05/02_Pruebas_Software/Automatización_Pruebas/TaskMaster_Pro/build/test-results/test/TEST-co.com.AutomatizacionTaskMasterPro.runners.AutenticacionTaskMasterRunner.xml
[Test worker] INFO net.thucydides.core.steps.ConsoleLoggingListener - 
 _____ _____ ____ _____   ____ _____  _    ____ _____ _____ ____  
|_   _| ____/ ___|_   _| / ___|_   _|/ \  |  _ \_   _| ____|  _ \ 
  | | |  _| \___ \ | |   \___ \ | | / _ \ | |_) || | |  _| | | | |
  | | | |___ ___) || |    ___) || |/ ___ \|  _ < | | | |___| |_| |
  |_| |_____|____/ |_|   |____/ |_/_/   \_\_| \_\|_| |_____|____/ 
                                                                  

<<<<<<<< HEAD:docs/trim05/02_Pruebas_Software/Automatización_Pruebas/TaskMaster_Pro/build/test-results/test/TEST-co.com.AutomatizacionTaskMasterPro.runners.CrearUsuarioTaskMasterRunner.xml
TEST STARTED: Crear Usuario Exitosamente
-------------------------------------------------------------------(creacion-de-usuario-en-la-pagina-de-taskmaster-pro;crear-usuario-exitosamente)
========
TEST STARTED: Inicio de Sesion Valido
-------------------------------------------------------------------(autenticacion-en-la-pagina-de-taskmaster-pro;inicio-de-sesion-valido)
>>>>>>>> main:docs/trim05/02_Pruebas_Software/Automatización_Pruebas/TaskMaster_Pro/build/test-results/test/TEST-co.com.AutomatizacionTaskMasterPro.runners.AutenticacionTaskMasterRunner.xml
[pool-2-thread-1] INFO net.thucydides.core.requirements.PackageRequirementsTagProvider - Loading requirements from package requirements at: net.thucydides.showcase.cucumber.junit
log4j:WARN No appenders could be found for logger (freemarker.cache).
log4j:WARN Please initialize the log4j system properly.
log4j:WARN See http://logging.apache.org/log4j/1.2/faq.html#noconfig for more info.
]]></system-err>
</testsuite>
